{
  "stats": {
    "suites": 11,
    "tests": 22,
    "passes": 19,
    "pending": 0,
    "failures": 3,
    "start": "2021-11-04T21:44:48.793Z",
    "end": "2021-11-04T21:45:02.318Z",
    "duration": 13525,
    "testsRegistered": 22,
    "passPercent": 86.36363636363636,
    "pendingPercent": 0,
    "other": 0,
    "hasOther": false,
    "skipped": 0,
    "hasSkipped": false
  },
  "results": [
    {
      "uuid": "2dacfbc0-1410-4633-b84c-59a7d0fdf45a",
      "title": "",
      "fullFile": "cypress/integration/project.spec.js",
      "file": "cypress/integration/project.spec.js",
      "beforeHooks": [],
      "afterHooks": [],
      "tests": [],
      "suites": [
        {
          "uuid": "744ec12b-3d11-47fe-a13a-7d1ef5d5f8f4",
          "title": "1 - Adicione uma cor de fundo específica para a página",
          "fullFile": "",
          "file": "",
          "beforeHooks": [],
          "afterHooks": [],
          "tests": [
            {
              "title": "Possuir cor de fundo: rgb(253, 251, 251)",
              "fullTitle": "1 - Adicione uma cor de fundo específica para a página Possuir cor de fundo: rgb(253, 251, 251)",
              "timedOut": null,
              "duration": 99,
              "state": "passed",
              "speed": "slow",
              "pass": true,
              "fail": false,
              "pending": false,
              "context": null,
              "code": "cy.get('body').should('have.css', 'backgroundColor', 'rgb(253, 251, 251)');",
              "err": {},
              "uuid": "cc6bdc19-d14e-4e60-ac17-ae53751cf6b2",
              "parentUUID": "744ec12b-3d11-47fe-a13a-7d1ef5d5f8f4",
              "isHook": false,
              "skipped": false
            }
          ],
          "suites": [],
          "passes": [
            "cc6bdc19-d14e-4e60-ac17-ae53751cf6b2"
          ],
          "failures": [],
          "pending": [],
          "skipped": [],
          "duration": 99,
          "root": false,
          "rootEmpty": false,
          "_timeout": 2000
        },
        {
          "uuid": "bcbe1a31-71b5-4006-8f23-06327b372fee",
          "title": "2 - Adicione uma barra superior com um título",
          "fullFile": "",
          "file": "",
          "beforeHooks": [],
          "afterHooks": [],
          "tests": [
            {
              "title": "A barra deve possuir o ID \"cabecalho\"",
              "fullTitle": "2 - Adicione uma barra superior com um título A barra deve possuir o ID \"cabecalho\"",
              "timedOut": null,
              "duration": 84,
              "state": "passed",
              "speed": "slow",
              "pass": true,
              "fail": false,
              "pending": false,
              "context": null,
              "code": "(0, _ActionBase.shouldExist)('#cabecalho');",
              "err": {},
              "uuid": "1a3450f1-5d8c-4cd3-990e-077d7e4e2502",
              "parentUUID": "bcbe1a31-71b5-4006-8f23-06327b372fee",
              "isHook": false,
              "skipped": false
            },
            {
              "title": "A barra superior deve ser fixa no topo da página, com a propriedade top tendo o valor `0`",
              "fullTitle": "2 - Adicione uma barra superior com um título A barra superior deve ser fixa no topo da página, com a propriedade top tendo o valor `0`",
              "timedOut": null,
              "duration": 78,
              "state": "passed",
              "speed": "slow",
              "pass": true,
              "fail": false,
              "pending": false,
              "context": null,
              "code": "cy.get('#cabecalho').should('have.css', 'position', 'fixed').should('have.css', 'top', '0px');",
              "err": {},
              "uuid": "0ce225cf-fa65-471b-bd95-9bb1c78ef14c",
              "parentUUID": "bcbe1a31-71b5-4006-8f23-06327b372fee",
              "isHook": false,
              "skipped": false
            },
            {
              "title": "O título deve estar dentro da barra e possuir o ID \"titulo\", além de ser uma tag \"h1\"",
              "fullTitle": "2 - Adicione uma barra superior com um título O título deve estar dentro da barra e possuir o ID \"titulo\", além de ser uma tag \"h1\"",
              "timedOut": null,
              "duration": 65,
              "state": "passed",
              "speed": "medium",
              "pass": true,
              "fail": false,
              "pending": false,
              "context": null,
              "code": "(0, _ActionBase.shouldExist)('#cabecalho h1#titulo');",
              "err": {},
              "uuid": "a9e48d62-ad4b-44f5-8d01-3e288e349d19",
              "parentUUID": "bcbe1a31-71b5-4006-8f23-06327b372fee",
              "isHook": false,
              "skipped": false
            }
          ],
          "suites": [],
          "passes": [
            "1a3450f1-5d8c-4cd3-990e-077d7e4e2502",
            "0ce225cf-fa65-471b-bd95-9bb1c78ef14c",
            "a9e48d62-ad4b-44f5-8d01-3e288e349d19"
          ],
          "failures": [],
          "pending": [],
          "skipped": [],
          "duration": 227,
          "root": false,
          "rootEmpty": false,
          "_timeout": 2000
        },
        {
          "uuid": "bab7ebe5-cf1d-467a-bc10-157265e07a7a",
          "title": "3 - Adicione uma foto sua à página",
          "fullFile": "",
          "file": "",
          "beforeHooks": [],
          "afterHooks": [],
          "tests": [
            {
              "title": "A foto deve ser inserida utilizando uma tag img com o ID \"minha_foto\"",
              "fullTitle": "3 - Adicione uma foto sua à página A foto deve ser inserida utilizando uma tag img com o ID \"minha_foto\"",
              "timedOut": null,
              "duration": 83,
              "state": "passed",
              "speed": "slow",
              "pass": true,
              "fail": false,
              "pending": false,
              "context": null,
              "code": "cy.get('img#minha_foto').should('have.attr', 'src');",
              "err": {},
              "uuid": "74f03ce6-c226-4562-99d7-c2adc2c7dcac",
              "parentUUID": "bab7ebe5-cf1d-467a-bc10-157265e07a7a",
              "isHook": false,
              "skipped": false
            }
          ],
          "suites": [],
          "passes": [
            "74f03ce6-c226-4562-99d7-c2adc2c7dcac"
          ],
          "failures": [],
          "pending": [],
          "skipped": [],
          "duration": 83,
          "root": false,
          "rootEmpty": false,
          "_timeout": 2000
        },
        {
          "uuid": "a77c0567-5ec1-4618-9fc0-bf8f457200a2",
          "title": "4 - Adicione uma lista de lições aprendidas à página",
          "fullFile": "",
          "file": "",
          "beforeHooks": [],
          "afterHooks": [],
          "tests": [
            {
              "title": "A lista deve ser numerada e possuir o ID \"licoes_aprendidas\"",
              "fullTitle": "4 - Adicione uma lista de lições aprendidas à página A lista deve ser numerada e possuir o ID \"licoes_aprendidas\"",
              "timedOut": null,
              "duration": 82,
              "state": "passed",
              "speed": "slow",
              "pass": true,
              "fail": false,
              "pending": false,
              "context": null,
              "code": "(0, _ActionBase.shouldExist)('ol#licoes_aprendidas');",
              "err": {},
              "uuid": "cfb12024-f791-4016-ac11-162d68b5d9a7",
              "parentUUID": "a77c0567-5ec1-4618-9fc0-bf8f457200a2",
              "isHook": false,
              "skipped": false
            },
            {
              "title": "A lista deve possuir 10 itens",
              "fullTitle": "4 - Adicione uma lista de lições aprendidas à página A lista deve possuir 10 itens",
              "timedOut": null,
              "duration": 98,
              "state": "passed",
              "speed": "slow",
              "pass": true,
              "fail": false,
              "pending": false,
              "context": null,
              "code": "cy.get('ol#licoes_aprendidas').find('li').should('have.length', 10);",
              "err": {},
              "uuid": "f26ba41f-64b7-4483-af01-ff411634d1a3",
              "parentUUID": "a77c0567-5ec1-4618-9fc0-bf8f457200a2",
              "isHook": false,
              "skipped": false
            }
          ],
          "suites": [],
          "passes": [
            "cfb12024-f791-4016-ac11-162d68b5d9a7",
            "f26ba41f-64b7-4483-af01-ff411634d1a3"
          ],
          "failures": [],
          "pending": [],
          "skipped": [],
          "duration": 180,
          "root": false,
          "rootEmpty": false,
          "_timeout": 2000
        },
        {
          "uuid": "ca9148b0-9d3b-44af-917f-e066faf4f2b8",
          "title": "5 - Crie uma lista de lições que ainda deseja aprender para a página",
          "fullFile": "",
          "file": "",
          "beforeHooks": [],
          "afterHooks": [],
          "tests": [
            {
              "title": "A lista não deve ser numerada e deve possuir o ID \"licoes_a_aprender\"",
              "fullTitle": "5 - Crie uma lista de lições que ainda deseja aprender para a página A lista não deve ser numerada e deve possuir o ID \"licoes_a_aprender\"",
              "timedOut": null,
              "duration": 103,
              "state": "passed",
              "speed": "slow",
              "pass": true,
              "fail": false,
              "pending": false,
              "context": null,
              "code": "(0, _ActionBase.shouldExist)('ul#licoes_a_aprender');",
              "err": {},
              "uuid": "e79b048e-9e32-4b9e-9c49-2aabf30756c4",
              "parentUUID": "ca9148b0-9d3b-44af-917f-e066faf4f2b8",
              "isHook": false,
              "skipped": false
            },
            {
              "title": "A lista deve possuir 10 itens",
              "fullTitle": "5 - Crie uma lista de lições que ainda deseja aprender para a página A lista deve possuir 10 itens",
              "timedOut": null,
              "duration": 104,
              "state": "passed",
              "speed": "slow",
              "pass": true,
              "fail": false,
              "pending": false,
              "context": null,
              "code": "cy.get('ul#licoes_a_aprender').find('li').should('have.length', 10);",
              "err": {},
              "uuid": "d2ecad5a-d2bb-4223-8c2b-7ba0008945b2",
              "parentUUID": "ca9148b0-9d3b-44af-917f-e066faf4f2b8",
              "isHook": false,
              "skipped": false
            }
          ],
          "suites": [],
          "passes": [
            "e79b048e-9e32-4b9e-9c49-2aabf30756c4",
            "d2ecad5a-d2bb-4223-8c2b-7ba0008945b2"
          ],
          "failures": [],
          "pending": [],
          "skipped": [],
          "duration": 207,
          "root": false,
          "rootEmpty": false,
          "_timeout": 2000
        },
        {
          "uuid": "1452ba57-7e66-432d-8fd7-3700d580f2a5",
          "title": "6 - Adicione um rodapé para a página",
          "fullFile": "",
          "file": "",
          "beforeHooks": [],
          "afterHooks": [],
          "tests": [
            {
              "title": "O rodapé deve possuir o ID \"rodape\"",
              "fullTitle": "6 - Adicione um rodapé para a página O rodapé deve possuir o ID \"rodape\"",
              "timedOut": null,
              "duration": 76,
              "state": "passed",
              "speed": "slow",
              "pass": true,
              "fail": false,
              "pending": false,
              "context": null,
              "code": "cy.get('footer#rodape').should('exist');",
              "err": {},
              "uuid": "2d8f7594-dabf-4f24-a2f9-beb3755b83a1",
              "parentUUID": "1452ba57-7e66-432d-8fd7-3700d580f2a5",
              "isHook": false,
              "skipped": false
            }
          ],
          "suites": [],
          "passes": [
            "2d8f7594-dabf-4f24-a2f9-beb3755b83a1"
          ],
          "failures": [],
          "pending": [],
          "skipped": [],
          "duration": 76,
          "root": false,
          "rootEmpty": false,
          "_timeout": 2000
        },
        {
          "uuid": "e305fd63-5b0d-426f-9fb0-d302183f4968",
          "title": "7 - Insira pelo menos um link externo na página",
          "fullFile": "",
          "file": "",
          "beforeHooks": [],
          "afterHooks": [],
          "tests": [
            {
              "title": "A configuração desse link deve ser feita para abrir em uma nova aba do navegador",
              "fullTitle": "7 - Insira pelo menos um link externo na página A configuração desse link deve ser feita para abrir em uma nova aba do navegador",
              "timedOut": null,
              "duration": 83,
              "state": "passed",
              "speed": "slow",
              "pass": true,
              "fail": false,
              "pending": false,
              "context": null,
              "code": "cy.get('a').then(function (a) {\n  var actual = Array.from(a).some(function (element) {\n    return element.target === '_blank' && element.href !== '';\n  });\n  expect(actual).to.be[\"true\"];\n});",
              "err": {},
              "uuid": "6a8e7370-35fa-4f95-a279-e6a47660061e",
              "parentUUID": "e305fd63-5b0d-426f-9fb0-d302183f4968",
              "isHook": false,
              "skipped": false
            }
          ],
          "suites": [],
          "passes": [
            "6a8e7370-35fa-4f95-a279-e6a47660061e"
          ],
          "failures": [],
          "pending": [],
          "skipped": [],
          "duration": 83,
          "root": false,
          "rootEmpty": false,
          "_timeout": 2000
        },
        {
          "uuid": "2f594739-a787-4de3-ada0-00ac99a6c9ee",
          "title": "8 - Crie um artigo sobre seu aprendizado",
          "fullFile": "",
          "file": "",
          "beforeHooks": [],
          "afterHooks": [],
          "tests": [
            {
              "title": "A `tag` `article` devem ser utilizadas",
              "fullTitle": "8 - Crie um artigo sobre seu aprendizado A `tag` `article` devem ser utilizadas",
              "timedOut": null,
              "duration": 83,
              "state": "passed",
              "speed": "slow",
              "pass": true,
              "fail": false,
              "pending": false,
              "context": null,
              "code": "(0, _ActionBase.shouldExist)('article');",
              "err": {},
              "uuid": "425571f9-770c-445e-801b-e001112dd278",
              "parentUUID": "2f594739-a787-4de3-ada0-00ac99a6c9ee",
              "isHook": false,
              "skipped": false
            },
            {
              "title": "O artigo deve ter mais de 300 caracteres e menos de 600",
              "fullTitle": "8 - Crie um artigo sobre seu aprendizado O artigo deve ter mais de 300 caracteres e menos de 600",
              "timedOut": null,
              "duration": 101,
              "state": "failed",
              "speed": null,
              "pass": false,
              "fail": true,
              "pending": false,
              "context": null,
              "code": "cy.get('article').invoke('text').then(function (text) {\n  expect(text).to.have.length.of.at.most(600);\n  expect(text).to.have.length.of.at.above(300);\n});",
              "err": {
                "message": "AssertionError: expected '\\n                    \\n                        Olá! Me chamo Walter, mineiro de 26 anos e moro em Nova Lima!\\n                        Sou graduado em Sistemas de Informação e atualmente sou Estudante\\n                        em Desenvolvimento Web na Trybe.\\n                        Aqui na Trybe estou sendo preparado para o mercado de trabalho com habilidades\\n                        de Hard-skills com foco em tecnologias WEB, e tambem habilidades Softskills,\\n                        que hoje pode ser buscado pelas empresas até mesmo na frente dos\\n                        conhecimentos tecnicos.\\n                    \\n                ' to have a length at most 600 but got 633",
                "estack": "AssertionError: expected '\\n                    \\n                        Olá! Me chamo Walter, mineiro de 26 anos e moro em Nova Lima!\\n                        Sou graduado em Sistemas de Informação e atualmente sou Estudante\\n                        em Desenvolvimento Web na Trybe.\\n                        Aqui na Trybe estou sendo preparado para o mercado de trabalho com habilidades\\n                        de Hard-skills com foco em tecnologias WEB, e tambem habilidades Softskills,\\n                        que hoje pode ser buscado pelas empresas até mesmo na frente dos\\n                        conhecimentos tecnicos.\\n                    \\n                ' to have a length at most 600 but got 633\n    at Context.eval (http://localhost:45247/__cypress/tests?p=cypress/integration/project.spec.js:225:41)",
                "diff": "- 633\n+ 600\n"
              },
              "uuid": "a1756ac7-879d-4e48-9726-7f7dca97db26",
              "parentUUID": "2f594739-a787-4de3-ada0-00ac99a6c9ee",
              "isHook": false,
              "skipped": false
            }
          ],
          "suites": [],
          "passes": [
            "425571f9-770c-445e-801b-e001112dd278"
          ],
          "failures": [
            "a1756ac7-879d-4e48-9726-7f7dca97db26"
          ],
          "pending": [],
          "skipped": [],
          "duration": 184,
          "root": false,
          "rootEmpty": false,
          "_timeout": 2000
        },
        {
          "uuid": "d51b23b1-f7b1-4f0b-9978-0948867df45a",
          "title": "9 - Crie uma seção que conta uma passagem sobre seu aprendizado",
          "fullFile": "",
          "file": "",
          "beforeHooks": [],
          "afterHooks": [],
          "tests": [
            {
              "title": "A `tag` `aside` deve ser utilizada",
              "fullTitle": "9 - Crie uma seção que conta uma passagem sobre seu aprendizado A `tag` `aside` deve ser utilizada",
              "timedOut": null,
              "duration": 81,
              "state": "passed",
              "speed": "slow",
              "pass": true,
              "fail": false,
              "pending": false,
              "context": null,
              "code": "(0, _ActionBase.shouldExist)('aside');",
              "err": {},
              "uuid": "97c422c2-3118-4ad5-952d-b2bed5c1ef12",
              "parentUUID": "d51b23b1-f7b1-4f0b-9978-0948867df45a",
              "isHook": false,
              "skipped": false
            },
            {
              "title": "A seção deve ter mais que 100 caracteres e menos que 300",
              "fullTitle": "9 - Crie uma seção que conta uma passagem sobre seu aprendizado A seção deve ter mais que 100 caracteres e menos que 300",
              "timedOut": null,
              "duration": 89,
              "state": "failed",
              "speed": null,
              "pass": false,
              "fail": true,
              "pending": false,
              "context": null,
              "code": "cy.get('aside').invoke('text').then(function (text) {\n  expect(text).to.have.length.of.at.above(100);\n  expect(text).to.have.length.of.at.most(300);\n});",
              "err": {
                "message": "AssertionError: expected '\\n                    Tenho paixão pela tecnologia, estou bastante focado, e neste periodo de 1 ano\\n                        me dedico exclusivamente me tornar um Desenvolvedor WEB Fullstack,\\n                        não só com conhecimento tecnico mas tambem com habilidades comportamentais.\\n                ' to have a length at most 300 but got 306",
                "estack": "AssertionError: expected '\\n                    Tenho paixão pela tecnologia, estou bastante focado, e neste periodo de 1 ano\\n                        me dedico exclusivamente me tornar um Desenvolvedor WEB Fullstack,\\n                        não só com conhecimento tecnico mas tambem com habilidades comportamentais.\\n                ' to have a length at most 300 but got 306\n    at Context.eval (http://localhost:45247/__cypress/tests?p=cypress/integration/project.spec.js:240:41)",
                "diff": "- 306\n+ 300\n"
              },
              "uuid": "c3b368ea-e03c-452c-b2f0-e85dbccee507",
              "parentUUID": "d51b23b1-f7b1-4f0b-9978-0948867df45a",
              "isHook": false,
              "skipped": false
            }
          ],
          "suites": [],
          "passes": [
            "97c422c2-3118-4ad5-952d-b2bed5c1ef12"
          ],
          "failures": [
            "c3b368ea-e03c-452c-b2f0-e85dbccee507"
          ],
          "pending": [],
          "skipped": [],
          "duration": 170,
          "root": false,
          "rootEmpty": false,
          "_timeout": 2000
        },
        {
          "uuid": "57bef2f4-b728-486d-814e-6f7b101690eb",
          "title": "10 - Aplique elementos HTML de acordo com o sentido e propósito de cada um deles",
          "fullFile": "",
          "file": "",
          "beforeHooks": [],
          "afterHooks": [],
          "tests": [
            {
              "title": "Validar se a página possui um elemento \"article\"",
              "fullTitle": "10 - Aplique elementos HTML de acordo com o sentido e propósito de cada um deles Validar se a página possui um elemento \"article\"",
              "timedOut": null,
              "duration": 78,
              "state": "passed",
              "speed": "slow",
              "pass": true,
              "fail": false,
              "pending": false,
              "context": null,
              "code": "(0, _ActionBase.shouldExist)('article');",
              "err": {},
              "uuid": "f9678204-b673-4140-87b5-cd345e93d05d",
              "parentUUID": "57bef2f4-b728-486d-814e-6f7b101690eb",
              "isHook": false,
              "skipped": false
            },
            {
              "title": "Validar se a página possui um elemento \"header\"",
              "fullTitle": "10 - Aplique elementos HTML de acordo com o sentido e propósito de cada um deles Validar se a página possui um elemento \"header\"",
              "timedOut": null,
              "duration": 70,
              "state": "passed",
              "speed": "medium",
              "pass": true,
              "fail": false,
              "pending": false,
              "context": null,
              "code": "(0, _ActionBase.shouldExist)('header');",
              "err": {},
              "uuid": "63129567-9c33-4467-a652-24aa8b7586b2",
              "parentUUID": "57bef2f4-b728-486d-814e-6f7b101690eb",
              "isHook": false,
              "skipped": false
            },
            {
              "title": "Validar se a página possui um elemento \"nav\"",
              "fullTitle": "10 - Aplique elementos HTML de acordo com o sentido e propósito de cada um deles Validar se a página possui um elemento \"nav\"",
              "timedOut": null,
              "duration": 91,
              "state": "passed",
              "speed": "slow",
              "pass": true,
              "fail": false,
              "pending": false,
              "context": null,
              "code": "(0, _ActionBase.shouldExist)('nav');",
              "err": {},
              "uuid": "ff4024c4-2e38-483c-9a15-4b32cf590800",
              "parentUUID": "57bef2f4-b728-486d-814e-6f7b101690eb",
              "isHook": false,
              "skipped": false
            },
            {
              "title": "Validar se a página possui um elemento \"section\"",
              "fullTitle": "10 - Aplique elementos HTML de acordo com o sentido e propósito de cada um deles Validar se a página possui um elemento \"section\"",
              "timedOut": null,
              "duration": 106,
              "state": "passed",
              "speed": "slow",
              "pass": true,
              "fail": false,
              "pending": false,
              "context": null,
              "code": "(0, _ActionBase.shouldExist)('section');",
              "err": {},
              "uuid": "4ccdfe14-9b94-433c-973d-dfb707ec824d",
              "parentUUID": "57bef2f4-b728-486d-814e-6f7b101690eb",
              "isHook": false,
              "skipped": false
            },
            {
              "title": "Validar se a página possui um elemento \"aside\"",
              "fullTitle": "10 - Aplique elementos HTML de acordo com o sentido e propósito de cada um deles Validar se a página possui um elemento \"aside\"",
              "timedOut": null,
              "duration": 184,
              "state": "passed",
              "speed": "slow",
              "pass": true,
              "fail": false,
              "pending": false,
              "context": null,
              "code": "(0, _ActionBase.shouldExist)('aside');",
              "err": {},
              "uuid": "937a7146-da0a-43b4-8812-fe3b72d0028e",
              "parentUUID": "57bef2f4-b728-486d-814e-6f7b101690eb",
              "isHook": false,
              "skipped": false
            },
            {
              "title": "Validar se a página possui um elemento \"footer\"",
              "fullTitle": "10 - Aplique elementos HTML de acordo com o sentido e propósito de cada um deles Validar se a página possui um elemento \"footer\"",
              "timedOut": null,
              "duration": 76,
              "state": "passed",
              "speed": "slow",
              "pass": true,
              "fail": false,
              "pending": false,
              "context": null,
              "code": "(0, _ActionBase.shouldExist)('footer');",
              "err": {},
              "uuid": "0bbabb12-eb2c-4c95-befb-4602f9e05a98",
              "parentUUID": "57bef2f4-b728-486d-814e-6f7b101690eb",
              "isHook": false,
              "skipped": false
            }
          ],
          "suites": [],
          "passes": [
            "f9678204-b673-4140-87b5-cd345e93d05d",
            "63129567-9c33-4467-a652-24aa8b7586b2",
            "ff4024c4-2e38-483c-9a15-4b32cf590800",
            "4ccdfe14-9b94-433c-973d-dfb707ec824d",
            "937a7146-da0a-43b4-8812-fe3b72d0028e",
            "0bbabb12-eb2c-4c95-befb-4602f9e05a98"
          ],
          "failures": [],
          "pending": [],
          "skipped": [],
          "duration": 605,
          "root": false,
          "rootEmpty": false,
          "_timeout": 2000
        },
        {
          "uuid": "0e9853f7-1cff-4acc-b294-e3077f48b984",
          "title": "11 - Teste a semântica da sua página está aprovada pelo site CodeSniffer",
          "fullFile": "",
          "file": "",
          "beforeHooks": [],
          "afterHooks": [],
          "tests": [
            {
              "title": "Seu site deve passar sem problemas na verificação de semântica do site CodeSniffer",
              "fullTitle": "11 - Teste a semântica da sua página está aprovada pelo site CodeSniffer Seu site deve passar sem problemas na verificação de semântica do site CodeSniffer",
              "timedOut": null,
              "duration": 10062,
              "state": "failed",
              "speed": null,
              "pass": false,
              "fail": true,
              "pending": false,
              "context": null,
              "code": "cy.readFile('./index.html').then(function (content) {\n  cy.visit('http://squizlabs.github.io/HTML_CodeSniffer/');\n  cy.get('#runHTMLCS').click();\n  cy.get('#source').invoke('val', content).trigger('input');\n  cy.get('#run-button').click();\n  cy.get('.result-count-errors').contains(/^0$/);\n});",
              "err": {
                "message": "CypressError: Timed out after waiting `10000ms` for your remote page to load.\n\nYour page did not fire its `load` event within `10000ms`.\n\nYou can try increasing the `pageLoadTimeout` value in `cypress.json` to wait longer.\n\nBrowsers will not fire the `load` event until all stylesheets and scripts are done downloading.\n\nWhen this `load` event occurs, Cypress will continue running commands.",
                "estack": "CypressError: Timed out after waiting `10000ms` for your remote page to load.\n\nYour page did not fire its `load` event within `10000ms`.\n\nYou can try increasing the `pageLoadTimeout` value in `cypress.json` to wait longer.\n\nBrowsers will not fire the `load` event until all stylesheets and scripts are done downloading.\n\nWhen this `load` event occurs, Cypress will continue running commands.\n    at timedOutWaitingForPageLoad (http://squizlabs.github.io/__cypress/runner/cypress_runner.js:156855:13)\n    at http://squizlabs.github.io/__cypress/runner/cypress_runner.js:157843:16\n    at tryCatcher (http://squizlabs.github.io/__cypress/runner/cypress_runner.js:10325:23)\n    at http://squizlabs.github.io/__cypress/runner/cypress_runner.js:5447:41\n    at tryCatcher (http://squizlabs.github.io/__cypress/runner/cypress_runner.js:10325:23)\n    at Promise._settlePromiseFromHandler (http://squizlabs.github.io/__cypress/runner/cypress_runner.js:8260:31)\n    at Promise._settlePromise (http://squizlabs.github.io/__cypress/runner/cypress_runner.js:8317:18)\n    at Promise._settlePromise0 (http://squizlabs.github.io/__cypress/runner/cypress_runner.js:8362:10)\n    at Promise._settlePromises (http://squizlabs.github.io/__cypress/runner/cypress_runner.js:8438:18)\n    at _drainQueueStep (http://squizlabs.github.io/__cypress/runner/cypress_runner.js:5032:12)\n    at _drainQueue (http://squizlabs.github.io/__cypress/runner/cypress_runner.js:5025:9)\n    at Async.../../node_modules/bluebird/js/release/async.js.Async._drainQueues (http://squizlabs.github.io/__cypress/runner/cypress_runner.js:5041:5)\n    at Async.drainQueues (http://squizlabs.github.io/__cypress/runner/cypress_runner.js:4911:14)\nFrom Your Spec Code:\n    at Context.eval (http://squizlabs.github.io/__cypress/tests?p=cypress/integration/project.spec.js:270:10)",
                "diff": null
              },
              "uuid": "1c290579-28d3-4730-98a2-1491c4d3d672",
              "parentUUID": "0e9853f7-1cff-4acc-b294-e3077f48b984",
              "isHook": false,
              "skipped": false
            }
          ],
          "suites": [],
          "passes": [],
          "failures": [
            "1c290579-28d3-4730-98a2-1491c4d3d672"
          ],
          "pending": [],
          "skipped": [],
          "duration": 10062,
          "root": false,
          "rootEmpty": false,
          "_timeout": 2000
        }
      ],
      "passes": [],
      "failures": [],
      "pending": [],
      "skipped": [],
      "duration": 0,
      "root": true,
      "rootEmpty": true,
      "_timeout": 2000
    }
  ],
  "meta": {
    "mocha": {
      "version": "7.0.1"
    },
    "mochawesome": {
      "options": {
        "quiet": false,
        "reportFilename": "mochawesome",
        "saveHtml": false,
        "saveJson": true,
        "consoleReporter": "spec",
        "useInlineDiffs": false
      },
      "version": "4.1.0"
    },
    "marge": {
      "options": {
        "id": "default",
        "reportDir": "cypress/reports",
        "overwrite": false,
        "html": false,
        "json": true
      },
      "version": "4.1.0"
    }
  }
}