{
  "stats": {
    "suites": 11,
    "tests": 22,
    "passes": 6,
    "pending": 0,
    "failures": 16,
    "start": "2021-11-04T19:23:04.432Z",
    "end": "2021-11-04T19:26:01.355Z",
    "duration": 176923,
    "testsRegistered": 22,
    "passPercent": 27.27272727272727,
    "pendingPercent": 0,
    "other": 0,
    "hasOther": false,
    "skipped": 0,
    "hasSkipped": false
  },
  "results": [
    {
      "uuid": "4aed8218-7827-4286-a9b9-236fdb60e47a",
      "title": "",
      "fullFile": "cypress/integration/project.spec.js",
      "file": "cypress/integration/project.spec.js",
      "beforeHooks": [],
      "afterHooks": [],
      "tests": [],
      "suites": [
        {
          "uuid": "d80f5559-071f-43f4-875c-0aba1613988f",
          "title": "1 - Adicione uma cor de fundo específica para a página",
          "fullFile": "",
          "file": "",
          "beforeHooks": [],
          "afterHooks": [],
          "tests": [
            {
              "title": "Possuir cor de fundo: rgb(253, 251, 251)",
              "fullTitle": "1 - Adicione uma cor de fundo específica para a página Possuir cor de fundo: rgb(253, 251, 251)",
              "timedOut": null,
              "duration": 10106,
              "state": "failed",
              "speed": null,
              "pass": false,
              "fail": true,
              "pending": false,
              "context": null,
              "code": "cy.get('body').should('have.css', 'backgroundColor', 'rgb(253, 251, 251)');",
              "err": {
                "message": "AssertionError: Timed out retrying: expected '<body>' to have CSS property 'backgroundColor' with the value 'rgb(253, 251, 251)', but the value was 'rgba(0, 0, 0, 0)'",
                "estack": "AssertionError: Timed out retrying: expected '<body>' to have CSS property 'backgroundColor' with the value 'rgb(253, 251, 251)', but the value was 'rgba(0, 0, 0, 0)'\n    at Context.eval (http://localhost:41135/__cypress/tests?p=cypress/integration/project.spec.js:148:20)",
                "diff": "- 'rgba(0, 0, 0, 0)'\n+ 'rgb(253, 251, 251)'\n"
              },
              "uuid": "6f2dbb53-7378-4bd1-8bf9-c3cdb8e65bfa",
              "parentUUID": "d80f5559-071f-43f4-875c-0aba1613988f",
              "isHook": false,
              "skipped": false
            }
          ],
          "suites": [],
          "passes": [],
          "failures": [
            "6f2dbb53-7378-4bd1-8bf9-c3cdb8e65bfa"
          ],
          "pending": [],
          "skipped": [],
          "duration": 10106,
          "root": false,
          "rootEmpty": false,
          "_timeout": 2000
        },
        {
          "uuid": "7897404f-dba2-4170-84a3-8ffee011f8dc",
          "title": "2 - Adicione uma barra superior com um título",
          "fullFile": "",
          "file": "",
          "beforeHooks": [],
          "afterHooks": [],
          "tests": [
            {
              "title": "A barra deve possuir o ID \"cabecalho\"",
              "fullTitle": "2 - Adicione uma barra superior com um título A barra deve possuir o ID \"cabecalho\"",
              "timedOut": null,
              "duration": 102,
              "state": "passed",
              "speed": "slow",
              "pass": true,
              "fail": false,
              "pending": false,
              "context": null,
              "code": "(0, _ActionBase.shouldExist)('#cabecalho');",
              "err": {},
              "uuid": "b84cbf11-d899-4d3a-9629-6e6276be8d9b",
              "parentUUID": "7897404f-dba2-4170-84a3-8ffee011f8dc",
              "isHook": false,
              "skipped": false
            },
            {
              "title": "A barra superior deve ser fixa no topo da página, com a propriedade top tendo o valor `0`",
              "fullTitle": "2 - Adicione uma barra superior com um título A barra superior deve ser fixa no topo da página, com a propriedade top tendo o valor `0`",
              "timedOut": null,
              "duration": 10084,
              "state": "failed",
              "speed": null,
              "pass": false,
              "fail": true,
              "pending": false,
              "context": null,
              "code": "cy.get('#cabecalho').should('have.css', 'position', 'fixed').should('have.css', 'top', '0px');",
              "err": {
                "message": "AssertionError: Timed out retrying: expected '<div#cabecalho>' to have CSS property 'position' with the value 'fixed', but the value was 'static'",
                "estack": "AssertionError: Timed out retrying: expected '<div#cabecalho>' to have CSS property 'position' with the value 'fixed', but the value was 'static'\n    at Context.eval (http://localhost:41135/__cypress/tests?p=cypress/integration/project.spec.js:159:26)",
                "diff": "- 'static'\n+ 'fixed'\n"
              },
              "uuid": "c2b13505-b5da-4571-83fe-ff7b31b31200",
              "parentUUID": "7897404f-dba2-4170-84a3-8ffee011f8dc",
              "isHook": false,
              "skipped": false
            },
            {
              "title": "O título deve estar dentro da barra e possuir o ID \"titulo\", além de ser uma tag \"h1\"",
              "fullTitle": "2 - Adicione uma barra superior com um título O título deve estar dentro da barra e possuir o ID \"titulo\", além de ser uma tag \"h1\"",
              "timedOut": null,
              "duration": 102,
              "state": "passed",
              "speed": "slow",
              "pass": true,
              "fail": false,
              "pending": false,
              "context": null,
              "code": "(0, _ActionBase.shouldExist)('#cabecalho h1#titulo');",
              "err": {},
              "uuid": "2a1decad-aa85-47bd-8c96-76de0e634424",
              "parentUUID": "7897404f-dba2-4170-84a3-8ffee011f8dc",
              "isHook": false,
              "skipped": false
            }
          ],
          "suites": [],
          "passes": [
            "b84cbf11-d899-4d3a-9629-6e6276be8d9b",
            "2a1decad-aa85-47bd-8c96-76de0e634424"
          ],
          "failures": [
            "c2b13505-b5da-4571-83fe-ff7b31b31200"
          ],
          "pending": [],
          "skipped": [],
          "duration": 10288,
          "root": false,
          "rootEmpty": false,
          "_timeout": 2000
        },
        {
          "uuid": "dcf4e804-2681-4387-9bac-a716fe8a9f00",
          "title": "3 - Adicione uma foto sua à página",
          "fullFile": "",
          "file": "",
          "beforeHooks": [],
          "afterHooks": [],
          "tests": [
            {
              "title": "A foto deve ser inserida utilizando uma tag img com o ID \"minha_foto\"",
              "fullTitle": "3 - Adicione uma foto sua à página A foto deve ser inserida utilizando uma tag img com o ID \"minha_foto\"",
              "timedOut": null,
              "duration": 125,
              "state": "passed",
              "speed": "slow",
              "pass": true,
              "fail": false,
              "pending": false,
              "context": null,
              "code": "cy.get('img#minha_foto').should('have.attr', 'src');",
              "err": {},
              "uuid": "b6c0450b-5ce5-4343-9f3e-b2ed10cd0273",
              "parentUUID": "dcf4e804-2681-4387-9bac-a716fe8a9f00",
              "isHook": false,
              "skipped": false
            }
          ],
          "suites": [],
          "passes": [
            "b6c0450b-5ce5-4343-9f3e-b2ed10cd0273"
          ],
          "failures": [],
          "pending": [],
          "skipped": [],
          "duration": 125,
          "root": false,
          "rootEmpty": false,
          "_timeout": 2000
        },
        {
          "uuid": "4c98700f-05ec-4403-8c3e-6e0cdd71aa9c",
          "title": "4 - Adicione uma lista de lições aprendidas à página",
          "fullFile": "",
          "file": "",
          "beforeHooks": [],
          "afterHooks": [],
          "tests": [
            {
              "title": "A lista deve ser numerada e possuir o ID \"licoes_aprendidas\"",
              "fullTitle": "4 - Adicione uma lista de lições aprendidas à página A lista deve ser numerada e possuir o ID \"licoes_aprendidas\"",
              "timedOut": null,
              "duration": 101,
              "state": "passed",
              "speed": "slow",
              "pass": true,
              "fail": false,
              "pending": false,
              "context": null,
              "code": "(0, _ActionBase.shouldExist)('ol#licoes_aprendidas');",
              "err": {},
              "uuid": "e32ef868-91ee-43a4-afae-fb6c639aa849",
              "parentUUID": "4c98700f-05ec-4403-8c3e-6e0cdd71aa9c",
              "isHook": false,
              "skipped": false
            },
            {
              "title": "A lista deve possuir 10 itens",
              "fullTitle": "4 - Adicione uma lista de lições aprendidas à página A lista deve possuir 10 itens",
              "timedOut": null,
              "duration": 120,
              "state": "passed",
              "speed": "slow",
              "pass": true,
              "fail": false,
              "pending": false,
              "context": null,
              "code": "cy.get('ol#licoes_aprendidas').find('li').should('have.length', 10);",
              "err": {},
              "uuid": "f33aa5d3-07bb-4a3d-a044-cd10d231e0c8",
              "parentUUID": "4c98700f-05ec-4403-8c3e-6e0cdd71aa9c",
              "isHook": false,
              "skipped": false
            }
          ],
          "suites": [],
          "passes": [
            "e32ef868-91ee-43a4-afae-fb6c639aa849",
            "f33aa5d3-07bb-4a3d-a044-cd10d231e0c8"
          ],
          "failures": [],
          "pending": [],
          "skipped": [],
          "duration": 221,
          "root": false,
          "rootEmpty": false,
          "_timeout": 2000
        },
        {
          "uuid": "c7f86c6e-e308-423a-bcdc-67ac831adf91",
          "title": "5 - Crie uma lista de lições que ainda deseja aprender para a página",
          "fullFile": "",
          "file": "",
          "beforeHooks": [],
          "afterHooks": [],
          "tests": [
            {
              "title": "A lista não deve ser numerada e deve possuir o ID \"licoes_a_aprender\"",
              "fullTitle": "5 - Crie uma lista de lições que ainda deseja aprender para a página A lista não deve ser numerada e deve possuir o ID \"licoes_a_aprender\"",
              "timedOut": null,
              "duration": 10114,
              "state": "failed",
              "speed": null,
              "pass": false,
              "fail": true,
              "pending": false,
              "context": null,
              "code": "(0, _ActionBase.shouldExist)('ul#licoes_a_aprender');",
              "err": {
                "message": "AssertionError: Timed out retrying: Expected to find element: `ul#licoes_a_aprender`, but never found it.",
                "estack": "AssertionError: Timed out retrying: Expected to find element: `ul#licoes_a_aprender`, but never found it.\n    at shouldExist (http://localhost:41135/__cypress/tests?p=cypress/integration/project.spec.js:108:20)\n    at Context.eval (http://localhost:41135/__cypress/tests?p=cypress/integration/project.spec.js:189:33)",
                "diff": null
              },
              "uuid": "df6dbd24-b323-42d2-9f5c-93d69759880e",
              "parentUUID": "c7f86c6e-e308-423a-bcdc-67ac831adf91",
              "isHook": false,
              "skipped": false
            },
            {
              "title": "A lista deve possuir 10 itens",
              "fullTitle": "5 - Crie uma lista de lições que ainda deseja aprender para a página A lista deve possuir 10 itens",
              "timedOut": null,
              "duration": 10071,
              "state": "failed",
              "speed": null,
              "pass": false,
              "fail": true,
              "pending": false,
              "context": null,
              "code": "cy.get('ul#licoes_a_aprender').find('li').should('have.length', 10);",
              "err": {
                "message": "AssertionError: Timed out retrying: Expected to find element: `ul#licoes_a_aprender`, but never found it.",
                "estack": "AssertionError: Timed out retrying: Expected to find element: `ul#licoes_a_aprender`, but never found it.\n    at Context.eval (http://localhost:41135/__cypress/tests?p=cypress/integration/project.spec.js:192:8)",
                "diff": null
              },
              "uuid": "9de3a9b1-79b5-4b54-b600-e9c1a37fcd81",
              "parentUUID": "c7f86c6e-e308-423a-bcdc-67ac831adf91",
              "isHook": false,
              "skipped": false
            }
          ],
          "suites": [],
          "passes": [],
          "failures": [
            "df6dbd24-b323-42d2-9f5c-93d69759880e",
            "9de3a9b1-79b5-4b54-b600-e9c1a37fcd81"
          ],
          "pending": [],
          "skipped": [],
          "duration": 20185,
          "root": false,
          "rootEmpty": false,
          "_timeout": 2000
        },
        {
          "uuid": "b1193aee-f3c2-4c82-8058-36c83558e123",
          "title": "6 - Adicione um rodapé para a página",
          "fullFile": "",
          "file": "",
          "beforeHooks": [],
          "afterHooks": [],
          "tests": [
            {
              "title": "O rodapé deve possuir o ID \"rodape\"",
              "fullTitle": "6 - Adicione um rodapé para a página O rodapé deve possuir o ID \"rodape\"",
              "timedOut": null,
              "duration": 10084,
              "state": "failed",
              "speed": null,
              "pass": false,
              "fail": true,
              "pending": false,
              "context": null,
              "code": "cy.get('footer#rodape').should('exist');",
              "err": {
                "message": "AssertionError: Timed out retrying: Expected to find element: `footer#rodape`, but never found it.",
                "estack": "AssertionError: Timed out retrying: Expected to find element: `footer#rodape`, but never found it.\n    at Context.eval (http://localhost:41135/__cypress/tests?p=cypress/integration/project.spec.js:200:29)",
                "diff": null
              },
              "uuid": "54459d00-3da7-41f3-9efb-2f08a8a3e70c",
              "parentUUID": "b1193aee-f3c2-4c82-8058-36c83558e123",
              "isHook": false,
              "skipped": false
            }
          ],
          "suites": [],
          "passes": [],
          "failures": [
            "54459d00-3da7-41f3-9efb-2f08a8a3e70c"
          ],
          "pending": [],
          "skipped": [],
          "duration": 10084,
          "root": false,
          "rootEmpty": false,
          "_timeout": 2000
        },
        {
          "uuid": "a6072a15-ea89-4de0-b0dd-b4073ffb422e",
          "title": "7 - Insira pelo menos um link externo na página",
          "fullFile": "",
          "file": "",
          "beforeHooks": [],
          "afterHooks": [],
          "tests": [
            {
              "title": "A configuração desse link deve ser feita para abrir em uma nova aba do navegador",
              "fullTitle": "7 - Insira pelo menos um link externo na página A configuração desse link deve ser feita para abrir em uma nova aba do navegador",
              "timedOut": null,
              "duration": 10093,
              "state": "failed",
              "speed": null,
              "pass": false,
              "fail": true,
              "pending": false,
              "context": null,
              "code": "cy.get('a').then(function (a) {\n  var actual = Array.from(a).some(function (element) {\n    return element.target === '_blank' && element.href !== '';\n  });\n  expect(actual).to.be[\"true\"];\n});",
              "err": {
                "message": "AssertionError: Timed out retrying: Expected to find element: `a`, but never found it.",
                "estack": "AssertionError: Timed out retrying: Expected to find element: `a`, but never found it.\n    at Context.eval (http://localhost:41135/__cypress/tests?p=cypress/integration/project.spec.js:208:8)",
                "diff": null
              },
              "uuid": "6f8b71d4-60a4-4df6-87fb-660e47b35198",
              "parentUUID": "a6072a15-ea89-4de0-b0dd-b4073ffb422e",
              "isHook": false,
              "skipped": false
            }
          ],
          "suites": [],
          "passes": [],
          "failures": [
            "6f8b71d4-60a4-4df6-87fb-660e47b35198"
          ],
          "pending": [],
          "skipped": [],
          "duration": 10093,
          "root": false,
          "rootEmpty": false,
          "_timeout": 2000
        },
        {
          "uuid": "e05644eb-cb38-4b32-9cfc-a45e81d56807",
          "title": "8 - Crie um artigo sobre seu aprendizado",
          "fullFile": "",
          "file": "",
          "beforeHooks": [],
          "afterHooks": [],
          "tests": [
            {
              "title": "A `tag` `article` devem ser utilizadas",
              "fullTitle": "8 - Crie um artigo sobre seu aprendizado A `tag` `article` devem ser utilizadas",
              "timedOut": null,
              "duration": 10093,
              "state": "failed",
              "speed": null,
              "pass": false,
              "fail": true,
              "pending": false,
              "context": null,
              "code": "(0, _ActionBase.shouldExist)('article');",
              "err": {
                "message": "AssertionError: Timed out retrying: Expected to find element: `article`, but never found it.",
                "estack": "AssertionError: Timed out retrying: Expected to find element: `article`, but never found it.\n    at shouldExist (http://localhost:41135/__cypress/tests?p=cypress/integration/project.spec.js:108:20)\n    at Context.eval (http://localhost:41135/__cypress/tests?p=cypress/integration/project.spec.js:221:33)",
                "diff": null
              },
              "uuid": "3ba19783-6ca1-44dc-9b7b-a097b8140282",
              "parentUUID": "e05644eb-cb38-4b32-9cfc-a45e81d56807",
              "isHook": false,
              "skipped": false
            },
            {
              "title": "O artigo deve ter mais de 300 caracteres e menos de 600",
              "fullTitle": "8 - Crie um artigo sobre seu aprendizado O artigo deve ter mais de 300 caracteres e menos de 600",
              "timedOut": null,
              "duration": 10076,
              "state": "failed",
              "speed": null,
              "pass": false,
              "fail": true,
              "pending": false,
              "context": null,
              "code": "cy.get('article').invoke('text').then(function (text) {\n  expect(text).to.have.length.of.at.most(600);\n  expect(text).to.have.length.of.at.above(300);\n});",
              "err": {
                "message": "AssertionError: Timed out retrying: Expected to find element: `article`, but never found it.",
                "estack": "AssertionError: Timed out retrying: Expected to find element: `article`, but never found it.\n    at Context.eval (http://localhost:41135/__cypress/tests?p=cypress/integration/project.spec.js:224:8)",
                "diff": null
              },
              "uuid": "799ef21f-342a-4993-ae01-ff926ba5b298",
              "parentUUID": "e05644eb-cb38-4b32-9cfc-a45e81d56807",
              "isHook": false,
              "skipped": false
            }
          ],
          "suites": [],
          "passes": [],
          "failures": [
            "3ba19783-6ca1-44dc-9b7b-a097b8140282",
            "799ef21f-342a-4993-ae01-ff926ba5b298"
          ],
          "pending": [],
          "skipped": [],
          "duration": 20169,
          "root": false,
          "rootEmpty": false,
          "_timeout": 2000
        },
        {
          "uuid": "4ce8a531-2e31-4ea2-8073-22bd91f477ce",
          "title": "9 - Crie uma seção que conta uma passagem sobre seu aprendizado",
          "fullFile": "",
          "file": "",
          "beforeHooks": [],
          "afterHooks": [],
          "tests": [
            {
              "title": "A `tag` `aside` deve ser utilizada",
              "fullTitle": "9 - Crie uma seção que conta uma passagem sobre seu aprendizado A `tag` `aside` deve ser utilizada",
              "timedOut": null,
              "duration": 10114,
              "state": "failed",
              "speed": null,
              "pass": false,
              "fail": true,
              "pending": false,
              "context": null,
              "code": "(0, _ActionBase.shouldExist)('aside');",
              "err": {
                "message": "AssertionError: Timed out retrying: Expected to find element: `aside`, but never found it.",
                "estack": "AssertionError: Timed out retrying: Expected to find element: `aside`, but never found it.\n    at shouldExist (http://localhost:41135/__cypress/tests?p=cypress/integration/project.spec.js:108:20)\n    at Context.eval (http://localhost:41135/__cypress/tests?p=cypress/integration/project.spec.js:235:33)",
                "diff": null
              },
              "uuid": "24c74d2b-4938-4d27-8192-bd9fb78eaddb",
              "parentUUID": "4ce8a531-2e31-4ea2-8073-22bd91f477ce",
              "isHook": false,
              "skipped": false
            },
            {
              "title": "A seção deve ter mais que 100 caracteres e menos que 300",
              "fullTitle": "9 - Crie uma seção que conta uma passagem sobre seu aprendizado A seção deve ter mais que 100 caracteres e menos que 300",
              "timedOut": null,
              "duration": 10111,
              "state": "failed",
              "speed": null,
              "pass": false,
              "fail": true,
              "pending": false,
              "context": null,
              "code": "cy.get('aside').invoke('text').then(function (text) {\n  expect(text).to.have.length.of.at.above(100);\n  expect(text).to.have.length.of.at.most(300);\n});",
              "err": {
                "message": "AssertionError: Timed out retrying: Expected to find element: `aside`, but never found it.",
                "estack": "AssertionError: Timed out retrying: Expected to find element: `aside`, but never found it.\n    at Context.eval (http://localhost:41135/__cypress/tests?p=cypress/integration/project.spec.js:238:8)",
                "diff": null
              },
              "uuid": "c7563395-89b2-45fe-8101-6b4c3c3f19d4",
              "parentUUID": "4ce8a531-2e31-4ea2-8073-22bd91f477ce",
              "isHook": false,
              "skipped": false
            }
          ],
          "suites": [],
          "passes": [],
          "failures": [
            "24c74d2b-4938-4d27-8192-bd9fb78eaddb",
            "c7563395-89b2-45fe-8101-6b4c3c3f19d4"
          ],
          "pending": [],
          "skipped": [],
          "duration": 20225,
          "root": false,
          "rootEmpty": false,
          "_timeout": 2000
        },
        {
          "uuid": "ecdb8fae-4a56-4a9d-ad68-5a4e9305ed9e",
          "title": "10 - Aplique elementos HTML de acordo com o sentido e propósito de cada um deles",
          "fullFile": "",
          "file": "",
          "beforeHooks": [],
          "afterHooks": [],
          "tests": [
            {
              "title": "Validar se a página possui um elemento \"article\"",
              "fullTitle": "10 - Aplique elementos HTML de acordo com o sentido e propósito de cada um deles Validar se a página possui um elemento \"article\"",
              "timedOut": null,
              "duration": 10104,
              "state": "failed",
              "speed": null,
              "pass": false,
              "fail": true,
              "pending": false,
              "context": null,
              "code": "(0, _ActionBase.shouldExist)('article');",
              "err": {
                "message": "AssertionError: Timed out retrying: Expected to find element: `article`, but never found it.",
                "estack": "AssertionError: Timed out retrying: Expected to find element: `article`, but never found it.\n    at shouldExist (http://localhost:41135/__cypress/tests?p=cypress/integration/project.spec.js:108:20)\n    at Context.eval (http://localhost:41135/__cypress/tests?p=cypress/integration/project.spec.js:249:33)",
                "diff": null
              },
              "uuid": "2c1552dd-2c1e-489f-841d-1d516a9bb650",
              "parentUUID": "ecdb8fae-4a56-4a9d-ad68-5a4e9305ed9e",
              "isHook": false,
              "skipped": false
            },
            {
              "title": "Validar se a página possui um elemento \"header\"",
              "fullTitle": "10 - Aplique elementos HTML de acordo com o sentido e propósito de cada um deles Validar se a página possui um elemento \"header\"",
              "timedOut": null,
              "duration": 102,
              "state": "passed",
              "speed": "slow",
              "pass": true,
              "fail": false,
              "pending": false,
              "context": null,
              "code": "(0, _ActionBase.shouldExist)('header');",
              "err": {},
              "uuid": "7495771e-2663-467b-baf8-9f14ce05914a",
              "parentUUID": "ecdb8fae-4a56-4a9d-ad68-5a4e9305ed9e",
              "isHook": false,
              "skipped": false
            },
            {
              "title": "Validar se a página possui um elemento \"nav\"",
              "fullTitle": "10 - Aplique elementos HTML de acordo com o sentido e propósito de cada um deles Validar se a página possui um elemento \"nav\"",
              "timedOut": null,
              "duration": 10128,
              "state": "failed",
              "speed": null,
              "pass": false,
              "fail": true,
              "pending": false,
              "context": null,
              "code": "(0, _ActionBase.shouldExist)('nav');",
              "err": {
                "message": "AssertionError: Timed out retrying: Expected to find element: `nav`, but never found it.",
                "estack": "AssertionError: Timed out retrying: Expected to find element: `nav`, but never found it.\n    at shouldExist (http://localhost:41135/__cypress/tests?p=cypress/integration/project.spec.js:108:20)\n    at Context.eval (http://localhost:41135/__cypress/tests?p=cypress/integration/project.spec.js:255:33)",
                "diff": null
              },
              "uuid": "f01ebf1c-6d62-4cb3-a005-1a9debeeb927",
              "parentUUID": "ecdb8fae-4a56-4a9d-ad68-5a4e9305ed9e",
              "isHook": false,
              "skipped": false
            },
            {
              "title": "Validar se a página possui um elemento \"section\"",
              "fullTitle": "10 - Aplique elementos HTML de acordo com o sentido e propósito de cada um deles Validar se a página possui um elemento \"section\"",
              "timedOut": null,
              "duration": 10096,
              "state": "failed",
              "speed": null,
              "pass": false,
              "fail": true,
              "pending": false,
              "context": null,
              "code": "(0, _ActionBase.shouldExist)('section');",
              "err": {
                "message": "AssertionError: Timed out retrying: Expected to find element: `section`, but never found it.",
                "estack": "AssertionError: Timed out retrying: Expected to find element: `section`, but never found it.\n    at shouldExist (http://localhost:41135/__cypress/tests?p=cypress/integration/project.spec.js:108:20)\n    at Context.eval (http://localhost:41135/__cypress/tests?p=cypress/integration/project.spec.js:258:33)",
                "diff": null
              },
              "uuid": "70db7510-d3e0-4fa8-bfeb-e7611ce62a01",
              "parentUUID": "ecdb8fae-4a56-4a9d-ad68-5a4e9305ed9e",
              "isHook": false,
              "skipped": false
            },
            {
              "title": "Validar se a página possui um elemento \"aside\"",
              "fullTitle": "10 - Aplique elementos HTML de acordo com o sentido e propósito de cada um deles Validar se a página possui um elemento \"aside\"",
              "timedOut": null,
              "duration": 10104,
              "state": "failed",
              "speed": null,
              "pass": false,
              "fail": true,
              "pending": false,
              "context": null,
              "code": "(0, _ActionBase.shouldExist)('aside');",
              "err": {
                "message": "AssertionError: Timed out retrying: Expected to find element: `aside`, but never found it.",
                "estack": "AssertionError: Timed out retrying: Expected to find element: `aside`, but never found it.\n    at shouldExist (http://localhost:41135/__cypress/tests?p=cypress/integration/project.spec.js:108:20)\n    at Context.eval (http://localhost:41135/__cypress/tests?p=cypress/integration/project.spec.js:261:33)",
                "diff": null
              },
              "uuid": "d5b9c61a-0344-4656-a706-220e2e97523a",
              "parentUUID": "ecdb8fae-4a56-4a9d-ad68-5a4e9305ed9e",
              "isHook": false,
              "skipped": false
            },
            {
              "title": "Validar se a página possui um elemento \"footer\"",
              "fullTitle": "10 - Aplique elementos HTML de acordo com o sentido e propósito de cada um deles Validar se a página possui um elemento \"footer\"",
              "timedOut": null,
              "duration": 10111,
              "state": "failed",
              "speed": null,
              "pass": false,
              "fail": true,
              "pending": false,
              "context": null,
              "code": "(0, _ActionBase.shouldExist)('footer');",
              "err": {
                "message": "AssertionError: Timed out retrying: Expected to find element: `footer`, but never found it.",
                "estack": "AssertionError: Timed out retrying: Expected to find element: `footer`, but never found it.\n    at shouldExist (http://localhost:41135/__cypress/tests?p=cypress/integration/project.spec.js:108:20)\n    at Context.eval (http://localhost:41135/__cypress/tests?p=cypress/integration/project.spec.js:264:33)",
                "diff": null
              },
              "uuid": "4cebf044-a2ba-443b-9d8e-0dc3290a9bb9",
              "parentUUID": "ecdb8fae-4a56-4a9d-ad68-5a4e9305ed9e",
              "isHook": false,
              "skipped": false
            }
          ],
          "suites": [],
          "passes": [
            "7495771e-2663-467b-baf8-9f14ce05914a"
          ],
          "failures": [
            "2c1552dd-2c1e-489f-841d-1d516a9bb650",
            "f01ebf1c-6d62-4cb3-a005-1a9debeeb927",
            "70db7510-d3e0-4fa8-bfeb-e7611ce62a01",
            "d5b9c61a-0344-4656-a706-220e2e97523a",
            "4cebf044-a2ba-443b-9d8e-0dc3290a9bb9"
          ],
          "pending": [],
          "skipped": [],
          "duration": 50645,
          "root": false,
          "rootEmpty": false,
          "_timeout": 2000
        },
        {
          "uuid": "60f70771-89ad-4d7e-a9f8-a090b071d151",
          "title": "11 - Teste a semântica da sua página está aprovada pelo site CodeSniffer",
          "fullFile": "",
          "file": "",
          "beforeHooks": [],
          "afterHooks": [],
          "tests": [
            {
              "title": "Seu site deve passar sem problemas na verificação de semântica do site CodeSniffer",
              "fullTitle": "11 - Teste a semântica da sua página está aprovada pelo site CodeSniffer Seu site deve passar sem problemas na verificação de semântica do site CodeSniffer",
              "timedOut": null,
              "duration": 17990,
              "state": "failed",
              "speed": null,
              "pass": false,
              "fail": true,
              "pending": false,
              "context": null,
              "code": "cy.readFile('./index.html').then(function (content) {\n  cy.visit('http://squizlabs.github.io/HTML_CodeSniffer/');\n  cy.get('#runHTMLCS').click();\n  cy.get('#source').invoke('val', content).trigger('input');\n  cy.get('#run-button').click();\n  cy.get('.result-count-errors').contains(/^0$/);\n});",
              "err": {
                "message": "AssertionError: Timed out retrying: Expected to find content: '/^0$/' within the element: <span.result-count.result-count-errors> but never did.",
                "estack": "AssertionError: Timed out retrying: Expected to find content: '/^0$/' within the element: <span.result-count.result-count-errors> but never did.\n    at Context.eval (http://squizlabs.github.io/__cypress/tests?p=cypress/integration/project.spec.js:274:38)",
                "diff": null
              },
              "uuid": "367fd05f-6c46-476d-8614-57cbc072a46e",
              "parentUUID": "60f70771-89ad-4d7e-a9f8-a090b071d151",
              "isHook": false,
              "skipped": false
            }
          ],
          "suites": [],
          "passes": [],
          "failures": [
            "367fd05f-6c46-476d-8614-57cbc072a46e"
          ],
          "pending": [],
          "skipped": [],
          "duration": 17990,
          "root": false,
          "rootEmpty": false,
          "_timeout": 2000
        }
      ],
      "passes": [],
      "failures": [],
      "pending": [],
      "skipped": [],
      "duration": 0,
      "root": true,
      "rootEmpty": true,
      "_timeout": 2000
    }
  ],
  "meta": {
    "mocha": {
      "version": "7.0.1"
    },
    "mochawesome": {
      "options": {
        "quiet": false,
        "reportFilename": "mochawesome",
        "saveHtml": false,
        "saveJson": true,
        "consoleReporter": "spec",
        "useInlineDiffs": false
      },
      "version": "4.1.0"
    },
    "marge": {
      "options": {
        "id": "default",
        "reportDir": "cypress/reports",
        "overwrite": false,
        "html": false,
        "json": true
      },
      "version": "4.1.0"
    }
  }
}